Analysis & Synthesis report for SHIYAN3
Fri Oct 11 23:01:56 2019
Quartus II 64-Bit Version 13.0.1 Build 232 06/12/2013 Service Pack 1 SJ Full Version


---------------------
; Table of Contents ;
---------------------
  1. Legal Notice
  2. Analysis & Synthesis Summary
  3. Analysis & Synthesis Settings
  4. Parallel Compilation
  5. Analysis & Synthesis Source Files Read
  6. Analysis & Synthesis Resource Usage Summary
  7. Analysis & Synthesis Resource Utilization by Entity
  8. General Register Statistics
  9. Parameter Settings for User Entity Instance: self_add:inst1|74283:inst48
 10. Parameter Settings for User Entity Instance: self_add:inst1|74283:inst49
 11. Parameter Settings for User Entity Instance: self_add:inst20|74283:inst48
 12. Parameter Settings for User Entity Instance: self_add:inst20|74283:inst49
 13. Parameter Settings for User Entity Instance: 7485:inst12
 14. Parameter Settings for User Entity Instance: 7485:inst23
 15. Elapsed Time Per Partition
 16. Analysis & Synthesis Messages



----------------
; Legal Notice ;
----------------
Copyright (C) 1991-2013 Altera Corporation
Your use of Altera Corporation's design tools, logic functions 
and other software and tools, and its AMPP partner logic 
functions, and any output files from any of the foregoing 
(including device programming or simulation files), and any 
associated documentation or information are expressly subject 
to the terms and conditions of the Altera Program License 
Subscription Agreement, Altera MegaCore Function License 
Agreement, or other applicable license agreement, including, 
without limitation, that your use is for the sole purpose of 
programming logic devices manufactured by Altera and sold by 
Altera or its authorized distributors.  Please refer to the 
applicable agreement for further details.



+---------------------------------------------------------------------------------------+
; Analysis & Synthesis Summary                                                          ;
+------------------------------------+--------------------------------------------------+
; Analysis & Synthesis Status        ; Successful - Fri Oct 11 23:01:56 2019            ;
; Quartus II 64-Bit Version          ; 13.0.1 Build 232 06/12/2013 SP 1 SJ Full Version ;
; Revision Name                      ; SHIYAN3                                          ;
; Top-level Entity Name              ; SHIYAN3                                          ;
; Family                             ; Cyclone IV E                                     ;
; Total logic elements               ; 173                                              ;
;     Total combinational functions  ; 173                                              ;
;     Dedicated logic registers      ; 28                                               ;
; Total registers                    ; 28                                               ;
; Total pins                         ; 91                                               ;
; Total virtual pins                 ; 0                                                ;
; Total memory bits                  ; 0                                                ;
; Embedded Multiplier 9-bit elements ; 0                                                ;
; Total PLLs                         ; 0                                                ;
+------------------------------------+--------------------------------------------------+


+----------------------------------------------------------------------------------------------------------------------+
; Analysis & Synthesis Settings                                                                                        ;
+----------------------------------------------------------------------------+--------------------+--------------------+
; Option                                                                     ; Setting            ; Default Value      ;
+----------------------------------------------------------------------------+--------------------+--------------------+
; Device                                                                     ; EP4CE115F29C7      ;                    ;
; Top-level entity name                                                      ; SHIYAN3            ; SHIYAN3            ;
; Family name                                                                ; Cyclone IV E       ; Cyclone IV GX      ;
; Use smart compilation                                                      ; Off                ; Off                ;
; Enable parallel Assembler and TimeQuest Timing Analyzer during compilation ; On                 ; On                 ;
; Enable compact report table                                                ; Off                ; Off                ;
; Restructure Multiplexers                                                   ; Auto               ; Auto               ;
; Create Debugging Nodes for IP Cores                                        ; Off                ; Off                ;
; Preserve fewer node names                                                  ; On                 ; On                 ;
; Disable OpenCore Plus hardware evaluation                                  ; Off                ; Off                ;
; Verilog Version                                                            ; Verilog_2001       ; Verilog_2001       ;
; VHDL Version                                                               ; VHDL_1993          ; VHDL_1993          ;
; State Machine Processing                                                   ; Auto               ; Auto               ;
; Safe State Machine                                                         ; Off                ; Off                ;
; Extract Verilog State Machines                                             ; On                 ; On                 ;
; Extract VHDL State Machines                                                ; On                 ; On                 ;
; Ignore Verilog initial constructs                                          ; Off                ; Off                ;
; Iteration limit for constant Verilog loops                                 ; 5000               ; 5000               ;
; Iteration limit for non-constant Verilog loops                             ; 250                ; 250                ;
; Add Pass-Through Logic to Inferred RAMs                                    ; On                 ; On                 ;
; Infer RAMs from Raw Logic                                                  ; On                 ; On                 ;
; Parallel Synthesis                                                         ; On                 ; On                 ;
; DSP Block Balancing                                                        ; Auto               ; Auto               ;
; NOT Gate Push-Back                                                         ; On                 ; On                 ;
; Power-Up Don't Care                                                        ; On                 ; On                 ;
; Remove Redundant Logic Cells                                               ; Off                ; Off                ;
; Remove Duplicate Registers                                                 ; On                 ; On                 ;
; Ignore CARRY Buffers                                                       ; Off                ; Off                ;
; Ignore CASCADE Buffers                                                     ; Off                ; Off                ;
; Ignore GLOBAL Buffers                                                      ; Off                ; Off                ;
; Ignore ROW GLOBAL Buffers                                                  ; Off                ; Off                ;
; Ignore LCELL Buffers                                                       ; Off                ; Off                ;
; Ignore SOFT Buffers                                                        ; On                 ; On                 ;
; Limit AHDL Integers to 32 Bits                                             ; Off                ; Off                ;
; Optimization Technique                                                     ; Balanced           ; Balanced           ;
; Carry Chain Length                                                         ; 70                 ; 70                 ;
; Auto Carry Chains                                                          ; On                 ; On                 ;
; Auto Open-Drain Pins                                                       ; On                 ; On                 ;
; Perform WYSIWYG Primitive Resynthesis                                      ; Off                ; Off                ;
; Auto ROM Replacement                                                       ; On                 ; On                 ;
; Auto RAM Replacement                                                       ; On                 ; On                 ;
; Auto DSP Block Replacement                                                 ; On                 ; On                 ;
; Auto Shift Register Replacement                                            ; Auto               ; Auto               ;
; Allow Shift Register Merging across Hierarchies                            ; Auto               ; Auto               ;
; Auto Clock Enable Replacement                                              ; On                 ; On                 ;
; Strict RAM Replacement                                                     ; Off                ; Off                ;
; Allow Synchronous Control Signals                                          ; On                 ; On                 ;
; Force Use of Synchronous Clear Signals                                     ; Off                ; Off                ;
; Auto RAM Block Balancing                                                   ; On                 ; On                 ;
; Auto RAM to Logic Cell Conversion                                          ; Off                ; Off                ;
; Auto Resource Sharing                                                      ; Off                ; Off                ;
; Allow Any RAM Size For Recognition                                         ; Off                ; Off                ;
; Allow Any ROM Size For Recognition                                         ; Off                ; Off                ;
; Allow Any Shift Register Size For Recognition                              ; Off                ; Off                ;
; Use LogicLock Constraints during Resource Balancing                        ; On                 ; On                 ;
; Ignore translate_off and synthesis_off directives                          ; Off                ; Off                ;
; Timing-Driven Synthesis                                                    ; On                 ; On                 ;
; Report Parameter Settings                                                  ; On                 ; On                 ;
; Report Source Assignments                                                  ; On                 ; On                 ;
; Report Connectivity Checks                                                 ; On                 ; On                 ;
; Ignore Maximum Fan-Out Assignments                                         ; Off                ; Off                ;
; Synchronization Register Chain Length                                      ; 2                  ; 2                  ;
; PowerPlay Power Optimization                                               ; Normal compilation ; Normal compilation ;
; HDL message level                                                          ; Level2             ; Level2             ;
; Suppress Register Optimization Related Messages                            ; Off                ; Off                ;
; Number of Removed Registers Reported in Synthesis Report                   ; 5000               ; 5000               ;
; Number of Swept Nodes Reported in Synthesis Report                         ; 5000               ; 5000               ;
; Number of Inverted Registers Reported in Synthesis Report                  ; 100                ; 100                ;
; Clock MUX Protection                                                       ; On                 ; On                 ;
; Auto Gated Clock Conversion                                                ; Off                ; Off                ;
; Block Design Naming                                                        ; Auto               ; Auto               ;
; SDC constraint protection                                                  ; Off                ; Off                ;
; Synthesis Effort                                                           ; Auto               ; Auto               ;
; Shift Register Replacement - Allow Asynchronous Clear Signal               ; On                 ; On                 ;
; Pre-Mapping Resynthesis Optimization                                       ; Off                ; Off                ;
; Analysis & Synthesis Message Level                                         ; Medium             ; Medium             ;
; Disable Register Merging Across Hierarchies                                ; Auto               ; Auto               ;
; Resource Aware Inference For Block RAM                                     ; On                 ; On                 ;
; Synthesis Seed                                                             ; 1                  ; 1                  ;
+----------------------------------------------------------------------------+--------------------+--------------------+


+------------------------------------------+
; Parallel Compilation                     ;
+----------------------------+-------------+
; Processors                 ; Number      ;
+----------------------------+-------------+
; Number detected on machine ; 8           ;
; Maximum allowed            ; 4           ;
;                            ;             ;
; Average used               ; 1.00        ;
; Maximum used               ; 1           ;
;                            ;             ;
; Usage by Processor         ; % Time Used ;
;     Processor 1            ; 100.0%      ;
;     Processors 2-8         ;   0.0%      ;
+----------------------------+-------------+


+------------------------------------------------------------------------------------------------------------------------------------------------------------------------------------------------+
; Analysis & Synthesis Source Files Read                                                                                                                                                         ;
+----------------------------------+-----------------+------------------------------------+--------------------------------------------------------------------------------------------+---------+
; File Name with User-Entered Path ; Used in Netlist ; File Type                          ; File Name with Absolute Path                                                               ; Library ;
+----------------------------------+-----------------+------------------------------------+--------------------------------------------------------------------------------------------+---------+
; my_module/suber_8.bdf            ; yes             ; User Block Diagram/Schematic File  ; E:/#Programming/Electronics/Quartus/Electric_B3/quartus2/SHIYAN3/my_module/suber_8.bdf     ;         ;
; my_module/suber.bdf              ; yes             ; User Block Diagram/Schematic File  ; E:/#Programming/Electronics/Quartus/Electric_B3/quartus2/SHIYAN3/my_module/suber.bdf       ;         ;
; my_module/show_module.bdf        ; yes             ; User Block Diagram/Schematic File  ; E:/#Programming/Electronics/Quartus/Electric_B3/quartus2/SHIYAN3/my_module/show_module.bdf ;         ;
; my_module/self_add.bdf           ; yes             ; User Block Diagram/Schematic File  ; E:/#Programming/Electronics/Quartus/Electric_B3/quartus2/SHIYAN3/my_module/self_add.bdf    ;         ;
; SHIYAN3.bdf                      ; yes             ; User Block Diagram/Schematic File  ; E:/#Programming/Electronics/Quartus/Electric_B3/quartus2/SHIYAN3/SHIYAN3.bdf               ;         ;
; 7447.bdf                         ; yes             ; Megafunction                       ; d:/quartus ii 13/quartus/libraries/others/maxplus2/7447.bdf                                ;         ;
; 74185.bdf                        ; yes             ; Megafunction                       ; d:/quartus ii 13/quartus/libraries/others/maxplus2/74185.bdf                               ;         ;
; 74379.bdf                        ; yes             ; Megafunction                       ; d:/quartus ii 13/quartus/libraries/others/maxplus2/74379.bdf                               ;         ;
; enadff.bdf                       ; yes             ; Megafunction                       ; d:/quartus ii 13/quartus/libraries/others/maxplus2/enadff.bdf                              ;         ;
; 74283.tdf                        ; yes             ; Megafunction                       ; d:/quartus ii 13/quartus/libraries/others/maxplus2/74283.tdf                               ;         ;
; aglobal.inc                      ; yes             ; Megafunction                       ; d:/quartus ii 13/quartus/libraries/megafunctions/aglobal.inc                               ;         ;
; f74283.bdf                       ; yes             ; Megafunction                       ; d:/quartus ii 13/quartus/libraries/others/maxplus2/f74283.bdf                              ;         ;
; 7485.tdf                         ; yes             ; Megafunction                       ; d:/quartus ii 13/quartus/libraries/others/maxplus2/7485.tdf                                ;         ;
; f7485.bdf                        ; yes             ; Megafunction                       ; d:/quartus ii 13/quartus/libraries/others/maxplus2/f7485.bdf                               ;         ;
+----------------------------------+-----------------+------------------------------------+--------------------------------------------------------------------------------------------+---------+


+---------------------------------------------------------+
; Analysis & Synthesis Resource Usage Summary             ;
+---------------------------------------------+-----------+
; Resource                                    ; Usage     ;
+---------------------------------------------+-----------+
; Estimated Total logic elements              ; 173       ;
;                                             ;           ;
; Total combinational functions               ; 173       ;
; Logic element usage by number of LUT inputs ;           ;
;     -- 4 input functions                    ; 115       ;
;     -- 3 input functions                    ; 23        ;
;     -- <=2 input functions                  ; 35        ;
;                                             ;           ;
; Logic elements by mode                      ;           ;
;     -- normal mode                          ; 173       ;
;     -- arithmetic mode                      ; 0         ;
;                                             ;           ;
; Total registers                             ; 28        ;
;     -- Dedicated logic registers            ; 28        ;
;     -- I/O registers                        ; 0         ;
;                                             ;           ;
; I/O pins                                    ; 91        ;
; Embedded Multiplier 9-bit elements          ; 0         ;
; Maximum fan-out node                        ; RST~input ;
; Maximum fan-out                             ; 73        ;
; Total fan-out                               ; 793       ;
; Average fan-out                             ; 2.07      ;
+---------------------------------------------+-----------+


+-----------------------------------------------------------------------------------------------------------------------------------------------------------------------------------------------------------+
; Analysis & Synthesis Resource Utilization by Entity                                                                                                                                                       ;
+----------------------------+-------------------+--------------+-------------+--------------+---------+-----------+------+--------------+---------------------------------------------------+--------------+
; Compilation Hierarchy Node ; LC Combinationals ; LC Registers ; Memory Bits ; DSP Elements ; DSP 9x9 ; DSP 18x18 ; Pins ; Virtual Pins ; Full Hierarchy Name                               ; Library Name ;
+----------------------------+-------------------+--------------+-------------+--------------+---------+-----------+------+--------------+---------------------------------------------------+--------------+
; |SHIYAN3                   ; 173 (0)           ; 28 (0)       ; 0           ; 0            ; 0       ; 0         ; 91   ; 0            ; |SHIYAN3                                          ; work         ;
;    |7447:2222222|          ; 6 (6)             ; 0 (0)        ; 0           ; 0            ; 0       ; 0         ; 0    ; 0            ; |SHIYAN3|7447:2222222                             ; work         ;
;    |7485:inst12|           ; 7 (0)             ; 0 (0)        ; 0           ; 0            ; 0       ; 0         ; 0    ; 0            ; |SHIYAN3|7485:inst12                              ; work         ;
;       |f7485:sub|          ; 7 (7)             ; 0 (0)        ; 0           ; 0            ; 0       ; 0         ; 0    ; 0            ; |SHIYAN3|7485:inst12|f7485:sub                    ; work         ;
;    |7485:inst23|           ; 7 (0)             ; 0 (0)        ; 0           ; 0            ; 0       ; 0         ; 0    ; 0            ; |SHIYAN3|7485:inst23                              ; work         ;
;       |f7485:sub|          ; 7 (7)             ; 0 (0)        ; 0           ; 0            ; 0       ; 0         ; 0    ; 0            ; |SHIYAN3|7485:inst23|f7485:sub                    ; work         ;
;    |self_add:inst1|        ; 37 (14)           ; 14 (0)       ; 0           ; 0            ; 0       ; 0         ; 0    ; 0            ; |SHIYAN3|self_add:inst1                           ; work         ;
;       |74283:inst48|       ; 3 (0)             ; 0 (0)        ; 0           ; 0            ; 0       ; 0         ; 0    ; 0            ; |SHIYAN3|self_add:inst1|74283:inst48              ; work         ;
;          |f74283:sub|      ; 3 (3)             ; 0 (0)        ; 0           ; 0            ; 0       ; 0         ; 0    ; 0            ; |SHIYAN3|self_add:inst1|74283:inst48|f74283:sub   ; work         ;
;       |74283:inst49|       ; 5 (0)             ; 0 (0)        ; 0           ; 0            ; 0       ; 0         ; 0    ; 0            ; |SHIYAN3|self_add:inst1|74283:inst49              ; work         ;
;          |f74283:sub|      ; 5 (5)             ; 0 (0)        ; 0           ; 0            ; 0       ; 0         ; 0    ; 0            ; |SHIYAN3|self_add:inst1|74283:inst49|f74283:sub   ; work         ;
;       |74379:inst38|       ; 0 (0)             ; 3 (0)        ; 0           ; 0            ; 0       ; 0         ; 0    ; 0            ; |SHIYAN3|self_add:inst1|74379:inst38              ; work         ;
;          |enadff:10|       ; 0 (0)             ; 1 (1)        ; 0           ; 0            ; 0       ; 0         ; 0    ; 0            ; |SHIYAN3|self_add:inst1|74379:inst38|enadff:10    ; work         ;
;          |enadff:2|        ; 0 (0)             ; 1 (1)        ; 0           ; 0            ; 0       ; 0         ; 0    ; 0            ; |SHIYAN3|self_add:inst1|74379:inst38|enadff:2     ; work         ;
;          |enadff:3|        ; 0 (0)             ; 1 (1)        ; 0           ; 0            ; 0       ; 0         ; 0    ; 0            ; |SHIYAN3|self_add:inst1|74379:inst38|enadff:3     ; work         ;
;       |74379:inst39|       ; 0 (0)             ; 4 (0)        ; 0           ; 0            ; 0       ; 0         ; 0    ; 0            ; |SHIYAN3|self_add:inst1|74379:inst39              ; work         ;
;          |enadff:10|       ; 0 (0)             ; 1 (1)        ; 0           ; 0            ; 0       ; 0         ; 0    ; 0            ; |SHIYAN3|self_add:inst1|74379:inst39|enadff:10    ; work         ;
;          |enadff:15|       ; 0 (0)             ; 1 (1)        ; 0           ; 0            ; 0       ; 0         ; 0    ; 0            ; |SHIYAN3|self_add:inst1|74379:inst39|enadff:15    ; work         ;
;          |enadff:2|        ; 0 (0)             ; 1 (1)        ; 0           ; 0            ; 0       ; 0         ; 0    ; 0            ; |SHIYAN3|self_add:inst1|74379:inst39|enadff:2     ; work         ;
;          |enadff:3|        ; 0 (0)             ; 1 (1)        ; 0           ; 0            ; 0       ; 0         ; 0    ; 0            ; |SHIYAN3|self_add:inst1|74379:inst39|enadff:3     ; work         ;
;       |74379:inst40|       ; 0 (0)             ; 3 (0)        ; 0           ; 0            ; 0       ; 0         ; 0    ; 0            ; |SHIYAN3|self_add:inst1|74379:inst40              ; work         ;
;          |enadff:10|       ; 0 (0)             ; 1 (1)        ; 0           ; 0            ; 0       ; 0         ; 0    ; 0            ; |SHIYAN3|self_add:inst1|74379:inst40|enadff:10    ; work         ;
;          |enadff:2|        ; 0 (0)             ; 1 (1)        ; 0           ; 0            ; 0       ; 0         ; 0    ; 0            ; |SHIYAN3|self_add:inst1|74379:inst40|enadff:2     ; work         ;
;          |enadff:3|        ; 0 (0)             ; 1 (1)        ; 0           ; 0            ; 0       ; 0         ; 0    ; 0            ; |SHIYAN3|self_add:inst1|74379:inst40|enadff:3     ; work         ;
;       |74379:inst41|       ; 0 (0)             ; 4 (0)        ; 0           ; 0            ; 0       ; 0         ; 0    ; 0            ; |SHIYAN3|self_add:inst1|74379:inst41              ; work         ;
;          |enadff:10|       ; 0 (0)             ; 1 (1)        ; 0           ; 0            ; 0       ; 0         ; 0    ; 0            ; |SHIYAN3|self_add:inst1|74379:inst41|enadff:10    ; work         ;
;          |enadff:15|       ; 0 (0)             ; 1 (1)        ; 0           ; 0            ; 0       ; 0         ; 0    ; 0            ; |SHIYAN3|self_add:inst1|74379:inst41|enadff:15    ; work         ;
;          |enadff:2|        ; 0 (0)             ; 1 (1)        ; 0           ; 0            ; 0       ; 0         ; 0    ; 0            ; |SHIYAN3|self_add:inst1|74379:inst41|enadff:2     ; work         ;
;          |enadff:3|        ; 0 (0)             ; 1 (1)        ; 0           ; 0            ; 0       ; 0         ; 0    ; 0            ; |SHIYAN3|self_add:inst1|74379:inst41|enadff:3     ; work         ;
;       |suber_8:inst|       ; 15 (0)            ; 0 (0)        ; 0           ; 0            ; 0       ; 0         ; 0    ; 0            ; |SHIYAN3|self_add:inst1|suber_8:inst              ; work         ;
;          |suber:inst10|    ; 2 (2)             ; 0 (0)        ; 0           ; 0            ; 0       ; 0         ; 0    ; 0            ; |SHIYAN3|self_add:inst1|suber_8:inst|suber:inst10 ; work         ;
;          |suber:inst11|    ; 2 (2)             ; 0 (0)        ; 0           ; 0            ; 0       ; 0         ; 0    ; 0            ; |SHIYAN3|self_add:inst1|suber_8:inst|suber:inst11 ; work         ;
;          |suber:inst12|    ; 1 (1)             ; 0 (0)        ; 0           ; 0            ; 0       ; 0         ; 0    ; 0            ; |SHIYAN3|self_add:inst1|suber_8:inst|suber:inst12 ; work         ;
;          |suber:inst13|    ; 2 (2)             ; 0 (0)        ; 0           ; 0            ; 0       ; 0         ; 0    ; 0            ; |SHIYAN3|self_add:inst1|suber_8:inst|suber:inst13 ; work         ;
;          |suber:inst8|     ; 4 (4)             ; 0 (0)        ; 0           ; 0            ; 0       ; 0         ; 0    ; 0            ; |SHIYAN3|self_add:inst1|suber_8:inst|suber:inst8  ; work         ;
;          |suber:inst9|     ; 2 (2)             ; 0 (0)        ; 0           ; 0            ; 0       ; 0         ; 0    ; 0            ; |SHIYAN3|self_add:inst1|suber_8:inst|suber:inst9  ; work         ;
;          |suber:inst|      ; 2 (2)             ; 0 (0)        ; 0           ; 0            ; 0       ; 0         ; 0    ; 0            ; |SHIYAN3|self_add:inst1|suber_8:inst|suber:inst   ; work         ;
;    |self_add:inst20|       ; 17 (9)            ; 14 (0)       ; 0           ; 0            ; 0       ; 0         ; 0    ; 0            ; |SHIYAN3|self_add:inst20                          ; work         ;
;       |74283:inst48|       ; 3 (0)             ; 0 (0)        ; 0           ; 0            ; 0       ; 0         ; 0    ; 0            ; |SHIYAN3|self_add:inst20|74283:inst48             ; work         ;
;          |f74283:sub|      ; 3 (3)             ; 0 (0)        ; 0           ; 0            ; 0       ; 0         ; 0    ; 0            ; |SHIYAN3|self_add:inst20|74283:inst48|f74283:sub  ; work         ;
;       |74283:inst49|       ; 5 (0)             ; 0 (0)        ; 0           ; 0            ; 0       ; 0         ; 0    ; 0            ; |SHIYAN3|self_add:inst20|74283:inst49             ; work         ;
;          |f74283:sub|      ; 5 (5)             ; 0 (0)        ; 0           ; 0            ; 0       ; 0         ; 0    ; 0            ; |SHIYAN3|self_add:inst20|74283:inst49|f74283:sub  ; work         ;
;       |74379:inst38|       ; 0 (0)             ; 3 (0)        ; 0           ; 0            ; 0       ; 0         ; 0    ; 0            ; |SHIYAN3|self_add:inst20|74379:inst38             ; work         ;
;          |enadff:10|       ; 0 (0)             ; 1 (1)        ; 0           ; 0            ; 0       ; 0         ; 0    ; 0            ; |SHIYAN3|self_add:inst20|74379:inst38|enadff:10   ; work         ;
;          |enadff:2|        ; 0 (0)             ; 1 (1)        ; 0           ; 0            ; 0       ; 0         ; 0    ; 0            ; |SHIYAN3|self_add:inst20|74379:inst38|enadff:2    ; work         ;
;          |enadff:3|        ; 0 (0)             ; 1 (1)        ; 0           ; 0            ; 0       ; 0         ; 0    ; 0            ; |SHIYAN3|self_add:inst20|74379:inst38|enadff:3    ; work         ;
;       |74379:inst39|       ; 0 (0)             ; 4 (0)        ; 0           ; 0            ; 0       ; 0         ; 0    ; 0            ; |SHIYAN3|self_add:inst20|74379:inst39             ; work         ;
;          |enadff:10|       ; 0 (0)             ; 1 (1)        ; 0           ; 0            ; 0       ; 0         ; 0    ; 0            ; |SHIYAN3|self_add:inst20|74379:inst39|enadff:10   ; work         ;
;          |enadff:15|       ; 0 (0)             ; 1 (1)        ; 0           ; 0            ; 0       ; 0         ; 0    ; 0            ; |SHIYAN3|self_add:inst20|74379:inst39|enadff:15   ; work         ;
;          |enadff:2|        ; 0 (0)             ; 1 (1)        ; 0           ; 0            ; 0       ; 0         ; 0    ; 0            ; |SHIYAN3|self_add:inst20|74379:inst39|enadff:2    ; work         ;
;          |enadff:3|        ; 0 (0)             ; 1 (1)        ; 0           ; 0            ; 0       ; 0         ; 0    ; 0            ; |SHIYAN3|self_add:inst20|74379:inst39|enadff:3    ; work         ;
;       |74379:inst40|       ; 0 (0)             ; 3 (0)        ; 0           ; 0            ; 0       ; 0         ; 0    ; 0            ; |SHIYAN3|self_add:inst20|74379:inst40             ; work         ;
;          |enadff:10|       ; 0 (0)             ; 1 (1)        ; 0           ; 0            ; 0       ; 0         ; 0    ; 0            ; |SHIYAN3|self_add:inst20|74379:inst40|enadff:10   ; work         ;
;          |enadff:2|        ; 0 (0)             ; 1 (1)        ; 0           ; 0            ; 0       ; 0         ; 0    ; 0            ; |SHIYAN3|self_add:inst20|74379:inst40|enadff:2    ; work         ;
;          |enadff:3|        ; 0 (0)             ; 1 (1)        ; 0           ; 0            ; 0       ; 0         ; 0    ; 0            ; |SHIYAN3|self_add:inst20|74379:inst40|enadff:3    ; work         ;
;       |74379:inst41|       ; 0 (0)             ; 4 (0)        ; 0           ; 0            ; 0       ; 0         ; 0    ; 0            ; |SHIYAN3|self_add:inst20|74379:inst41             ; work         ;
;          |enadff:10|       ; 0 (0)             ; 1 (1)        ; 0           ; 0            ; 0       ; 0         ; 0    ; 0            ; |SHIYAN3|self_add:inst20|74379:inst41|enadff:10   ; work         ;
;          |enadff:15|       ; 0 (0)             ; 1 (1)        ; 0           ; 0            ; 0       ; 0         ; 0    ; 0            ; |SHIYAN3|self_add:inst20|74379:inst41|enadff:15   ; work         ;
;          |enadff:2|        ; 0 (0)             ; 1 (1)        ; 0           ; 0            ; 0       ; 0         ; 0    ; 0            ; |SHIYAN3|self_add:inst20|74379:inst41|enadff:2    ; work         ;
;          |enadff:3|        ; 0 (0)             ; 1 (1)        ; 0           ; 0            ; 0       ; 0         ; 0    ; 0            ; |SHIYAN3|self_add:inst20|74379:inst41|enadff:3    ; work         ;
;    |show_module:inst21|    ; 47 (0)            ; 0 (0)        ; 0           ; 0            ; 0       ; 0         ; 0    ; 0            ; |SHIYAN3|show_module:inst21                       ; work         ;
;       |74185:inst42|       ; 7 (7)             ; 0 (0)        ; 0           ; 0            ; 0       ; 0         ; 0    ; 0            ; |SHIYAN3|show_module:inst21|74185:inst42          ; work         ;
;       |74185:inst43|       ; 4 (4)             ; 0 (0)        ; 0           ; 0            ; 0       ; 0         ; 0    ; 0            ; |SHIYAN3|show_module:inst21|74185:inst43          ; work         ;
;       |74185:inst44|       ; 20 (20)           ; 0 (0)        ; 0           ; 0            ; 0       ; 0         ; 0    ; 0            ; |SHIYAN3|show_module:inst21|74185:inst44          ; work         ;
;       |7447:inst39|        ; 9 (9)             ; 0 (0)        ; 0           ; 0            ; 0       ; 0         ; 0    ; 0            ; |SHIYAN3|show_module:inst21|7447:inst39           ; work         ;
;       |7447:inst40|        ; 7 (7)             ; 0 (0)        ; 0           ; 0            ; 0       ; 0         ; 0    ; 0            ; |SHIYAN3|show_module:inst21|7447:inst40           ; work         ;
;    |show_module:inst|      ; 52 (0)            ; 0 (0)        ; 0           ; 0            ; 0       ; 0         ; 0    ; 0            ; |SHIYAN3|show_module:inst                         ; work         ;
;       |74185:inst42|       ; 8 (8)             ; 0 (0)        ; 0           ; 0            ; 0       ; 0         ; 0    ; 0            ; |SHIYAN3|show_module:inst|74185:inst42            ; work         ;
;       |74185:inst43|       ; 4 (4)             ; 0 (0)        ; 0           ; 0            ; 0       ; 0         ; 0    ; 0            ; |SHIYAN3|show_module:inst|74185:inst43            ; work         ;
;       |74185:inst44|       ; 25 (25)           ; 0 (0)        ; 0           ; 0            ; 0       ; 0         ; 0    ; 0            ; |SHIYAN3|show_module:inst|74185:inst44            ; work         ;
;       |7447:inst39|        ; 8 (8)             ; 0 (0)        ; 0           ; 0            ; 0       ; 0         ; 0    ; 0            ; |SHIYAN3|show_module:inst|7447:inst39             ; work         ;
;       |7447:inst40|        ; 7 (7)             ; 0 (0)        ; 0           ; 0            ; 0       ; 0         ; 0    ; 0            ; |SHIYAN3|show_module:inst|7447:inst40             ; work         ;
+----------------------------+-------------------+--------------+-------------+--------------+---------+-----------+------+--------------+---------------------------------------------------+--------------+
Note: For table entries with two numbers listed, the numbers in parentheses indicate the number of resources of the given type used by the specific entity alone. The numbers listed outside of parentheses indicate the total resources of the given type used by the specific entity and all of its sub-entities in the hierarchy.


+------------------------------------------------------+
; General Register Statistics                          ;
+----------------------------------------------+-------+
; Statistic                                    ; Value ;
+----------------------------------------------+-------+
; Total registers                              ; 28    ;
; Number of registers using Synchronous Clear  ; 11    ;
; Number of registers using Synchronous Load   ; 0     ;
; Number of registers using Asynchronous Clear ; 0     ;
; Number of registers using Asynchronous Load  ; 0     ;
; Number of registers using Clock Enable       ; 0     ;
; Number of registers using Preset             ; 0     ;
+----------------------------------------------+-------+


+--------------------------------------------------------------------------+
; Parameter Settings for User Entity Instance: self_add:inst1|74283:inst48 ;
+------------------------+--------------+----------------------------------+
; Parameter Name         ; Value        ; Type                             ;
+------------------------+--------------+----------------------------------+
; DEVICE_FAMILY          ; Cyclone IV E ; Untyped                          ;
; AUTO_CARRY_CHAINS      ; ON           ; AUTO_CARRY                       ;
; IGNORE_CARRY_BUFFERS   ; OFF          ; IGNORE_CARRY                     ;
; AUTO_CASCADE_CHAINS    ; ON           ; AUTO_CASCADE                     ;
; IGNORE_CASCADE_BUFFERS ; OFF          ; IGNORE_CASCADE                   ;
+------------------------+--------------+----------------------------------+
Note: In order to hide this table in the UI and the text report file, please set the "Show Parameter Settings in Synthesis Report" option in "Analysis and Synthesis Settings -> More Settings" to "Off".


+--------------------------------------------------------------------------+
; Parameter Settings for User Entity Instance: self_add:inst1|74283:inst49 ;
+------------------------+--------------+----------------------------------+
; Parameter Name         ; Value        ; Type                             ;
+------------------------+--------------+----------------------------------+
; DEVICE_FAMILY          ; Cyclone IV E ; Untyped                          ;
; AUTO_CARRY_CHAINS      ; ON           ; AUTO_CARRY                       ;
; IGNORE_CARRY_BUFFERS   ; OFF          ; IGNORE_CARRY                     ;
; AUTO_CASCADE_CHAINS    ; ON           ; AUTO_CASCADE                     ;
; IGNORE_CASCADE_BUFFERS ; OFF          ; IGNORE_CASCADE                   ;
+------------------------+--------------+----------------------------------+
Note: In order to hide this table in the UI and the text report file, please set the "Show Parameter Settings in Synthesis Report" option in "Analysis and Synthesis Settings -> More Settings" to "Off".


+---------------------------------------------------------------------------+
; Parameter Settings for User Entity Instance: self_add:inst20|74283:inst48 ;
+------------------------+--------------+-----------------------------------+
; Parameter Name         ; Value        ; Type                              ;
+------------------------+--------------+-----------------------------------+
; DEVICE_FAMILY          ; Cyclone IV E ; Untyped                           ;
; AUTO_CARRY_CHAINS      ; ON           ; AUTO_CARRY                        ;
; IGNORE_CARRY_BUFFERS   ; OFF          ; IGNORE_CARRY                      ;
; AUTO_CASCADE_CHAINS    ; ON           ; AUTO_CASCADE                      ;
; IGNORE_CASCADE_BUFFERS ; OFF          ; IGNORE_CASCADE                    ;
+------------------------+--------------+-----------------------------------+
Note: In order to hide this table in the UI and the text report file, please set the "Show Parameter Settings in Synthesis Report" option in "Analysis and Synthesis Settings -> More Settings" to "Off".


+---------------------------------------------------------------------------+
; Parameter Settings for User Entity Instance: self_add:inst20|74283:inst49 ;
+------------------------+--------------+-----------------------------------+
; Parameter Name         ; Value        ; Type                              ;
+------------------------+--------------+-----------------------------------+
; DEVICE_FAMILY          ; Cyclone IV E ; Untyped                           ;
; AUTO_CARRY_CHAINS      ; ON           ; AUTO_CARRY                        ;
; IGNORE_CARRY_BUFFERS   ; OFF          ; IGNORE_CARRY                      ;
; AUTO_CASCADE_CHAINS    ; ON           ; AUTO_CASCADE                      ;
; IGNORE_CASCADE_BUFFERS ; OFF          ; IGNORE_CASCADE                    ;
+------------------------+--------------+-----------------------------------+
Note: In order to hide this table in the UI and the text report file, please set the "Show Parameter Settings in Synthesis Report" option in "Analysis and Synthesis Settings -> More Settings" to "Off".


+----------------------------------------------------------+
; Parameter Settings for User Entity Instance: 7485:inst12 ;
+------------------------+--------------+------------------+
; Parameter Name         ; Value        ; Type             ;
+------------------------+--------------+------------------+
; DEVICE_FAMILY          ; Cyclone IV E ; Untyped          ;
; AUTO_CARRY_CHAINS      ; ON           ; AUTO_CARRY       ;
; IGNORE_CARRY_BUFFERS   ; OFF          ; IGNORE_CARRY     ;
; AUTO_CASCADE_CHAINS    ; ON           ; AUTO_CASCADE     ;
; IGNORE_CASCADE_BUFFERS ; OFF          ; IGNORE_CASCADE   ;
+------------------------+--------------+------------------+
Note: In order to hide this table in the UI and the text report file, please set the "Show Parameter Settings in Synthesis Report" option in "Analysis and Synthesis Settings -> More Settings" to "Off".


+----------------------------------------------------------+
; Parameter Settings for User Entity Instance: 7485:inst23 ;
+------------------------+--------------+------------------+
; Parameter Name         ; Value        ; Type             ;
+------------------------+--------------+------------------+
; DEVICE_FAMILY          ; Cyclone IV E ; Untyped          ;
; AUTO_CARRY_CHAINS      ; ON           ; AUTO_CARRY       ;
; IGNORE_CARRY_BUFFERS   ; OFF          ; IGNORE_CARRY     ;
; AUTO_CASCADE_CHAINS    ; ON           ; AUTO_CASCADE     ;
; IGNORE_CASCADE_BUFFERS ; OFF          ; IGNORE_CASCADE   ;
+------------------------+--------------+------------------+
Note: In order to hide this table in the UI and the text report file, please set the "Show Parameter Settings in Synthesis Report" option in "Analysis and Synthesis Settings -> More Settings" to "Off".


+-------------------------------+
; Elapsed Time Per Partition    ;
+----------------+--------------+
; Partition Name ; Elapsed Time ;
+----------------+--------------+
; Top            ; 00:00:02     ;
+----------------+--------------+


+-------------------------------+
; Analysis & Synthesis Messages ;
+-------------------------------+
Info: *******************************************************************
Info: Running Quartus II 64-Bit Analysis & Synthesis
    Info: Version 13.0.1 Build 232 06/12/2013 Service Pack 1 SJ Full Version
    Info: Processing started: Fri Oct 11 23:01:49 2019
Info: Command: quartus_map --read_settings_files=on --write_settings_files=off SHIYAN3 -c SHIYAN3
Info (11104): Parallel Compilation has detected 8 hyper-threaded processors. However, the extra hyper-threaded processors will not be used by default. Parallel Compilation will use 4 of the 4 physical processors detected instead.
Info (12021): Found 1 design units, including 1 entities, in source file my_module/suber_8.bdf
    Info (12023): Found entity 1: suber_8
Info (12021): Found 1 design units, including 1 entities, in source file my_module/suber.bdf
    Info (12023): Found entity 1: suber
Info (12021): Found 1 design units, including 1 entities, in source file my_module/show_module.bdf
    Info (12023): Found entity 1: show_module
Info (12021): Found 1 design units, including 1 entities, in source file my_module/self_add.bdf
    Info (12023): Found entity 1: self_add
Info (12021): Found 1 design units, including 1 entities, in source file shiyan3.bdf
    Info (12023): Found entity 1: SHIYAN3
Info (12021): Found 1 design units, including 1 entities, in source file my_module/duration.bdf
    Info (12023): Found entity 1: duration
Info (12021): Found 1 design units, including 1 entities, in source file my_module/duration_flask_500ms.bdf
    Info (12023): Found entity 1: duration_flask_500ms
Info (12127): Elaborating entity "SHIYAN3" for the top level hierarchy
Info (12128): Elaborating entity "show_module" for hierarchy "show_module:inst"
Info (12128): Elaborating entity "7447" for hierarchy "show_module:inst|7447:inst39"
Info (12130): Elaborated megafunction instantiation "show_module:inst|7447:inst39"
Info (12128): Elaborating entity "74185" for hierarchy "show_module:inst|74185:inst44"
Info (12130): Elaborated megafunction instantiation "show_module:inst|74185:inst44"
Info (12128): Elaborating entity "self_add" for hierarchy "self_add:inst1"
Info (12128): Elaborating entity "74379" for hierarchy "self_add:inst1|74379:inst39"
Info (12130): Elaborated megafunction instantiation "self_add:inst1|74379:inst39"
Info (12128): Elaborating entity "enadff" for hierarchy "self_add:inst1|74379:inst39|enadff:15"
Info (12131): Elaborated megafunction instantiation "self_add:inst1|74379:inst39|enadff:15", which is child of megafunction instantiation "self_add:inst1|74379:inst39"
Info (12128): Elaborating entity "suber_8" for hierarchy "self_add:inst1|suber_8:inst"
Info (12128): Elaborating entity "suber" for hierarchy "self_add:inst1|suber_8:inst|suber:inst"
Info (12128): Elaborating entity "74283" for hierarchy "self_add:inst1|74283:inst48"
Info (12130): Elaborated megafunction instantiation "self_add:inst1|74283:inst48"
Info (12128): Elaborating entity "f74283" for hierarchy "self_add:inst1|74283:inst48|f74283:sub"
Info (12131): Elaborated megafunction instantiation "self_add:inst1|74283:inst48|f74283:sub", which is child of megafunction instantiation "self_add:inst1|74283:inst48"
Info (12128): Elaborating entity "74283" for hierarchy "self_add:inst1|74283:inst49"
Info (12130): Elaborated megafunction instantiation "self_add:inst1|74283:inst49"
Info (12128): Elaborating entity "7485" for hierarchy "7485:inst12"
Info (12130): Elaborated megafunction instantiation "7485:inst12"
Info (12128): Elaborating entity "f7485" for hierarchy "7485:inst12|f7485:sub"
Info (12131): Elaborated megafunction instantiation "7485:inst12|f7485:sub", which is child of megafunction instantiation "7485:inst12"
Info (12128): Elaborating entity "7485" for hierarchy "7485:inst23"
Info (12130): Elaborated megafunction instantiation "7485:inst23"
Info (13014): Ignored 30 buffer(s)
    Info (13015): Ignored 14 CARRY buffer(s)
    Info (13017): Ignored 2 CASCADE buffer(s)
    Info (13019): Ignored 14 SOFT buffer(s)
Warning (13024): Output pins are stuck at VCC or GND
    Warning (13410): Pin "hex3a" is stuck at GND
    Warning (13410): Pin "hex3b" is stuck at GND
    Warning (13410): Pin "hex3c" is stuck at VCC
    Warning (13410): Pin "hex3d" is stuck at GND
    Warning (13410): Pin "hex3e" is stuck at GND
    Warning (13410): Pin "hex3f" is stuck at VCC
    Warning (13410): Pin "hex3g" is stuck at GND
    Warning (13410): Pin "hex2a" is stuck at VCC
    Warning (13410): Pin "hex2b" is stuck at GND
    Warning (13410): Pin "hex2c" is stuck at GND
    Warning (13410): Pin "hex2d" is stuck at VCC
    Warning (13410): Pin "hex2e" is stuck at VCC
    Warning (13410): Pin "hex2f" is stuck at GND
    Warning (13410): Pin "hex2g" is stuck at GND
    Warning (13410): Pin "hex1a" is stuck at GND
    Warning (13410): Pin "hex1b" is stuck at GND
    Warning (13410): Pin "hex1c" is stuck at GND
    Warning (13410): Pin "hex1d" is stuck at VCC
    Warning (13410): Pin "hex1e" is stuck at VCC
    Warning (13410): Pin "hex1f" is stuck at VCC
    Warning (13410): Pin "hex0b" is stuck at GND
    Warning (13410): Pin "hex1g" is stuck at VCC
    Warning (13410): Pin "LEDR1" is stuck at GND
    Warning (13410): Pin "LEDR2" is stuck at GND
    Warning (13410): Pin "LEDR3" is stuck at GND
    Warning (13410): Pin "LEDR4" is stuck at GND
    Warning (13410): Pin "LEDR5" is stuck at GND
    Warning (13410): Pin "LEDR6" is stuck at GND
    Warning (13410): Pin "LEDR7" is stuck at GND
    Warning (13410): Pin "LEDR8" is stuck at VCC
    Warning (13410): Pin "LEDR9" is stuck at VCC
    Warning (13410): Pin "LEDR10" is stuck at VCC
    Warning (13410): Pin "LEDR11" is stuck at GND
    Warning (13410): Pin "LEDR12" is stuck at GND
    Warning (13410): Pin "LEDR13" is stuck at GND
    Warning (13410): Pin "LEDR14" is stuck at GND
    Warning (13410): Pin "LEDR15" is stuck at GND
    Warning (13410): Pin "LEDR16" is stuck at GND
    Warning (13410): Pin "LEDR17" is stuck at GND
    Warning (13410): Pin "LEDG0" is stuck at GND
    Warning (13410): Pin "LEDG1" is stuck at GND
    Warning (13410): Pin "LEDG2" is stuck at GND
    Warning (13410): Pin "LEDG3" is stuck at GND
    Warning (13410): Pin "LEDG4" is stuck at GND
    Warning (13410): Pin "LEDG5" is stuck at GND
    Warning (13410): Pin "LEDG6" is stuck at GND
Info (286030): Timing-Driven Synthesis is running
Info (16010): Generating hard_block partition "hard_block:auto_generated_inst"
    Info (16011): Adding 0 node(s), including 0 DDIO, 0 PLL, 0 transceiver and 0 LCELL
Info (21057): Implemented 278 device resources after synthesis - the final resource count might be different
    Info (21058): Implemented 9 input pins
    Info (21059): Implemented 82 output pins
    Info (21061): Implemented 187 logic cells
Info: Quartus II 64-Bit Analysis & Synthesis was successful. 0 errors, 47 warnings
    Info: Peak virtual memory: 4645 megabytes
    Info: Processing ended: Fri Oct 11 23:01:56 2019
    Info: Elapsed time: 00:00:07
    Info: Total CPU time (on all processors): 00:00:06


